<?xml version="1.0" encoding="UTF-8" ?>
<testsuite errors="0" failures="0" hostname="ZHBO-PC" name="jtsg.XunWenJiLuTests" tests="1" time="0.0060" timestamp="2010-09-22T07:09:59">
  <properties />
  <testcase classname="jtsg.XunWenJiLuTests" name="testSomething" time="0.0030" />
  <system-out><![CDATA[--Output from testSomething--
]]></system-out>
  <system-err><![CDATA[--Output from testSomething--
]]></system-err>
</testsuite>
